mobile/manifest-merger-release-report.txt
-- Merging decision tree log ---
manifest
ADDED from AndroidManifest.xml:1:1
	xmlns:android
		ADDED from AndroidManifest.xml:1:11
	package
		ADDED from AndroidManifest.xml:2:11
		INJECTED from AndroidManifest.xml:0:0
		INJECTED from AndroidManifest.xml:0:0
	android:versionName
		INJECTED from AndroidManifest.xml:0:0
		INJECTED from AndroidManifest.xml:0:0
	android:versionCode
		INJECTED from AndroidManifest.xml:0:0
		INJECTED from AndroidManifest.xml:0:0
application
ADDED from AndroidManifest.xml:4:5
MERGED from com.android.support:appcompat-v7:21.0.3:16:5
MERGED from com.android.support:support-v4:21.0.3:16:5
MERGED from com.google.android.gms:play-services:6.5.87:20:5
MERGED from com.android.support:support-v4:21.0.3:16:5
MERGED from AndroidManifest.xml:4:5
	android:label
		ADDED from AndroidManifest.xml:5:18
	android:allowBackup
		ADDED from AndroidManifest.xml:4:18
	android:icon
		ADDED from AndroidManifest.xml:6:18
	android:theme
		ADDED from AndroidManifest.xml:7:18
activity#com.sferadev.lolbird.EggActivity
ADDED from AndroidManifest.xml:10:9
	android:screenOrientation
		ADDED from AndroidManifest.xml:16:19
	android:configChanges
		ADDED from AndroidManifest.xml:12:19
	android:theme
		ADDED from AndroidManifest.xml:11:19
	android:hardwareAccelerated
		ADDED from AndroidManifest.xml:14:19
	android:exported
		ADDED from AndroidManifest.xml:13:19
	android:excludeFromRecents
		ADDED from AndroidManifest.xml:17:19
	android:name
		ADDED from AndroidManifest.xml:10:19
	android:launchMode
		ADDED from AndroidManifest.xml:15:19
intent-filter#android.intent.action.MAIN+android.intent.category.LAUNCHER
ADDED from AndroidManifest.xml:18:13
action#android.intent.action.MAIN
ADDED from AndroidManifest.xml:19:17
	android:name
		ADDED from AndroidManifest.xml:19:25
category#android.intent.category.LAUNCHER
ADDED from AndroidManifest.xml:20:17
	android:name
		ADDED from AndroidManifest.xml:20:27
activity#com.sferadev.lolbird.LGEggActivity
ADDED from AndroidManifest.xml:25:9
	android:screenOrientation
		ADDED from AndroidManifest.xml:31:19
	android:configChanges
		ADDED from AndroidManifest.xml:27:19
	android:theme
		ADDED from AndroidManifest.xml:26:19
	android:hardwareAccelerated
		ADDED from AndroidManifest.xml:29:19
	android:exported
		ADDED from AndroidManifest.xml:28:19
	android:excludeFromRecents
		ADDED from AndroidManifest.xml:32:19
	android:name
		ADDED from AndroidManifest.xml:25:19
	android:launchMode
		ADDED from AndroidManifest.xml:30:19
intent-filter#android.intent.action.MAIN+android.intent.category.DEFAULT
ADDED from AndroidManifest.xml:33:13
category#android.intent.category.DEFAULT
ADDED from AndroidManifest.xml:35:17
	android:name
		ADDED from AndroidManifest.xml:35:27
activity-alias#com.sferadev.lolbird.egg.LGEggActivity
ADDED from AndroidManifest.xml:40:9
	android:label
		ADDED from AndroidManifest.xml:44:13
	android:icon
		ADDED from AndroidManifest.xml:43:13
	android:enabled
		ADDED from AndroidManifest.xml:42:13
	android:targetActivity
		ADDED from AndroidManifest.xml:45:13
	android:name
		ADDED from AndroidManifest.xml:41:13
intent-filter#android.intent.action.MAIN+com.lge.intent.category.QSLIDE
ADDED from AndroidManifest.xml:46:13
category#com.lge.intent.category.QSLIDE
ADDED from AndroidManifest.xml:48:17
	android:name
		ADDED from AndroidManifest.xml:48:27
meta-data#cleartask
ADDED from AndroidManifest.xml:50:13
	android:name
		ADDED from AndroidManifest.xml:50:46
	android:value
		ADDED from AndroidManifest.xml:50:24
meta-data#min version
ADDED from AndroidManifest.xml:51:13
	android:name
		ADDED from AndroidManifest.xml:51:44
	android:value
		ADDED from AndroidManifest.xml:51:24
uses-sdk
INJECTED from AndroidManifest.xml:0:0 reason: use-sdk injection requested
MERGED from com.android.support:appcompat-v7:21.0.3:15:5
MERGED from com.android.support:support-v4:21.0.3:15:5
MERGED from com.google.android.gms:play-services:6.5.87:18:5
MERGED from com.android.support:support-v4:21.0.3:15:5
MERGED from AndroidManifest.xml:3:13
	android:targetSdkVersion
		INJECTED from AndroidManifest.xml:0:0
		INJECTED from AndroidManifest.xml:0:0
	android:minSdkVersion
		INJECTED from AndroidManifest.xml:0:0
		INJECTED from AndroidManifest.xml:0:0
meta-data#com.google.android.gms.version
ADDED from com.google.android.gms:play-services:6.5.87:21:9
	android:name
		ADDED from com.google.android.gms:play-services:6.5.87:22:13
	android:value
		ADDED from com.google.android.gms:play-services:6.5.87:23:13
meta-data#com.google.android.wearable.beta.app
ADDED from AndroidManifest.xml:5:9
	android:resource
		ADDED from AndroidManifest.xml:6:20
	android:name
		ADDED from AndroidManifest.xml:5:20